<?xml version="1.0" encoding="UTF-8" ?>
<testsuite failures="0" time="24.301" errors="0" skipped="0" tests="29" name="com.cvut.spatnjak.wpa.moviedatabase.test.MovieTestSuite">
  <properties>
    <property name="java.runtime.name" value="Java(TM) SE Runtime Environment"/>
    <property name="sun.boot.library.path" value="C:\Program Files\Java\jdk1.7.0_40\jre\bin"/>
    <property name="java.vm.version" value="24.0-b56"/>
    <property name="java.vm.vendor" value="Oracle Corporation"/>
    <property name="java.vendor.url" value="http://java.oracle.com/"/>
    <property name="path.separator" value=";"/>
    <property name="guice.disable.misplaced.annotation.check" value="true"/>
    <property name="java.vm.name" value="Java HotSpot(TM) 64-Bit Server VM"/>
    <property name="file.encoding.pkg" value="sun.io"/>
    <property name="user.script" value=""/>
    <property name="user.country" value="US"/>
    <property name="sun.java.launcher" value="SUN_STANDARD"/>
    <property name="sun.os.patch.level" value=""/>
    <property name="test" value="com.cvut.spatnjak.wpa.moviedatabase.test.MovieTestSuite"/>
    <property name="java.vm.specification.name" value="Java Virtual Machine Specification"/>
    <property name="user.dir" value="C:\Users\Kuba\Documents\NetBeansProjects\WPA_MOVIEDATABASE"/>
    <property name="java.runtime.version" value="1.7.0_40-b43"/>
    <property name="java.awt.graphicsenv" value="sun.awt.Win32GraphicsEnvironment"/>
    <property name="java.endorsed.dirs" value="C:\Program Files\Java\jdk1.7.0_40\jre\lib\endorsed"/>
    <property name="os.arch" value="amd64"/>
    <property name="java.io.tmpdir" value="C:\Users\Kuba\AppData\Local\Temp\"/>
    <property name="line.separator" value="
"/>
    <property name="java.vm.specification.vendor" value="Oracle Corporation"/>
    <property name="user.variant" value=""/>
    <property name="os.name" value="Windows 8"/>
    <property name="classworlds.conf" value="C:\Program Files\NetBeans 7.3.1\java\maven\bin\m2.conf"/>
    <property name="sun.jnu.encoding" value="Cp1252"/>
    <property name="java.library.path" value="C:\Program Files\Java\jdk1.7.0_40\bin;C:\WINDOWS\Sun\Java\bin;C:\WINDOWS\system32;C:\WINDOWS;C:\Program Files (x86)\NVIDIA Corporation\PhysX\Common;C:\Program Files (x86)\Intel\iCLS Client\;C:\Program Files\Intel\iCLS Client\;C:\WINDOWS\system32;C:\WINDOWS;C:\WINDOWS\System32\Wbem;C:\WINDOWS\System32\WindowsPowerShell\v1.0\;C:\Program Files\Intel\Intel(R) Management Engine Components\DAL;C:\Program Files\Intel\Intel(R) Management Engine Components\IPT;C:\Program Files (x86)\Intel\Intel(R) Management Engine Components\DAL;C:\Program Files (x86)\Intel\Intel(R) Management Engine Components\IPT;C:\Program Files (x86)\Intel\OpenCL SDK\2.0\bin\x86;C:\Program Files (x86)\Intel\OpenCL SDK\2.0\bin\x64;C:\Program Files\Intel\WiFi\bin\;C:\Program Files\Common Files\Intel\WirelessCommon\;C:\Program Files\Diskeeper Corporation\ExpressCache\;C:\Program Files\TortoiseSVN\bin;C:\cygwin\bin;C:\Program Files (x86)\Dr. Memory\bin;."/>
    <property name="java.specification.name" value="Java Platform API Specification"/>
    <property name="java.class.version" value="51.0"/>
    <property name="sun.management.compiler" value="HotSpot 64-Bit Tiered Compilers"/>
    <property name="os.version" value="6.2"/>
    <property name="user.home" value="C:\Users\Kuba"/>
    <property name="user.timezone" value="Europe/Prague"/>
    <property name="java.awt.printerjob" value="sun.awt.windows.WPrinterJob"/>
    <property name="java.specification.version" value="1.7"/>
    <property name="file.encoding" value="Cp1252"/>
    <property name="user.name" value="Kuba"/>
    <property name="java.class.path" value="C:\Program Files\NetBeans 7.3.1\java\maven\boot\plexus-classworlds-2.4.jar"/>
    <property name="java.vm.specification.version" value="1.7"/>
    <property name="sun.arch.data.model" value="64"/>
    <property name="java.home" value="C:\Program Files\Java\jdk1.7.0_40\jre"/>
    <property name="sun.java.command" value="org.codehaus.plexus.classworlds.launcher.Launcher -Dtest=com.cvut.spatnjak.wpa.moviedatabase.test.MovieTestSuite test-compile surefire:test"/>
    <property name="java.specification.vendor" value="Oracle Corporation"/>
    <property name="user.language" value="en"/>
    <property name="awt.toolkit" value="sun.awt.windows.WToolkit"/>
    <property name="java.vm.info" value="mixed mode"/>
    <property name="java.version" value="1.7.0_40"/>
    <property name="java.ext.dirs" value="C:\Program Files\Java\jdk1.7.0_40\jre\lib\ext;C:\WINDOWS\Sun\Java\lib\ext"/>
    <property name="sun.boot.class.path" value="C:\Program Files\Java\jdk1.7.0_40\jre\lib\resources.jar;C:\Program Files\Java\jdk1.7.0_40\jre\lib\rt.jar;C:\Program Files\Java\jdk1.7.0_40\jre\lib\sunrsasign.jar;C:\Program Files\Java\jdk1.7.0_40\jre\lib\jsse.jar;C:\Program Files\Java\jdk1.7.0_40\jre\lib\jce.jar;C:\Program Files\Java\jdk1.7.0_40\jre\lib\charsets.jar;C:\Program Files\Java\jdk1.7.0_40\jre\lib\jfr.jar;C:\Program Files\Java\jdk1.7.0_40\jre\classes"/>
    <property name="java.vendor" value="Oracle Corporation"/>
    <property name="maven.home" value="C:\Program Files\NetBeans 7.3.1\java\maven"/>
    <property name="file.separator" value="\"/>
    <property name="java.vendor.url.bug" value="http://bugreport.sun.com/bugreport/"/>
    <property name="sun.cpu.endian" value="little"/>
    <property name="sun.io.unicode.encoding" value="UnicodeLittle"/>
    <property name="sun.desktop" value="windows"/>
    <property name="sun.cpu.isalist" value="amd64"/>
  </properties>
  <testcase time="17.938" classname="com.cvut.spatnjak.wpa.moviedatabase.test.MovieServiceTest" name="testGetByRating"/>
  <testcase time="1.218" classname="com.cvut.spatnjak.wpa.moviedatabase.test.MovieServiceTest" name="testDeleteMovie"/>
  <testcase time="0.472" classname="com.cvut.spatnjak.wpa.moviedatabase.test.MovieServiceTest" name="testGetLatest4"/>
  <testcase time="0.067" classname="com.cvut.spatnjak.wpa.moviedatabase.test.MovieServiceTest" name="testAddActorToRoleInMovie"/>
  <testcase time="0.077" classname="com.cvut.spatnjak.wpa.moviedatabase.test.MovieServiceTest" name="testAddCreatedBy"/>
  <testcase time="0.069" classname="com.cvut.spatnjak.wpa.moviedatabase.test.MovieServiceTest" name="testGetMovieByID"/>
  <testcase time="0.043" classname="com.cvut.spatnjak.wpa.moviedatabase.test.MovieServiceTest" name="testGetNonExistent"/>
  <testcase time="0.069" classname="com.cvut.spatnjak.wpa.moviedatabase.test.MovieServiceTest" name="testUpdate"/>
  <testcase time="0.606" classname="com.cvut.spatnjak.wpa.moviedatabase.test.MovieServiceTest" name="testAddMovie"/>
  <testcase time="0.064" classname="com.cvut.spatnjak.wpa.moviedatabase.test.ActorServiceTest" name="empty"/>
  <testcase time="0.089" classname="com.cvut.spatnjak.wpa.moviedatabase.test.ActorServiceTest" name="testUpdateActor"/>
  <testcase time="0.162" classname="com.cvut.spatnjak.wpa.moviedatabase.test.ActorServiceTest" name="testRemoveActor"/>
  <testcase time="0.074" classname="com.cvut.spatnjak.wpa.moviedatabase.test.ActorServiceTest" name="getActorByID"/>
  <testcase time="0.358" classname="com.cvut.spatnjak.wpa.moviedatabase.test.ActorServiceTest" name="testAddActor"/>
  <testcase time="0.059" classname="com.cvut.spatnjak.wpa.moviedatabase.test.DirectorServiceTest" name="empty"/>
  <testcase time="0.069" classname="com.cvut.spatnjak.wpa.moviedatabase.test.DirectorServiceTest" name="testUpdateDirector"/>
  <testcase time="0.068" classname="com.cvut.spatnjak.wpa.moviedatabase.test.DirectorServiceTest" name="getDirectorByID"/>
  <testcase time="0.298" classname="com.cvut.spatnjak.wpa.moviedatabase.test.DirectorServiceTest" name="testAdd"/>
  <testcase time="0.325" classname="com.cvut.spatnjak.wpa.moviedatabase.test.DirectorServiceTest" name="testRemove"/>
  <testcase time="0.061" classname="com.cvut.spatnjak.wpa.moviedatabase.test.ProductionCompanyServiceTest" name="empty"/>
  <testcase time="0.185" classname="com.cvut.spatnjak.wpa.moviedatabase.test.ProductionCompanyServiceTest" name="testAddProducer"/>
  <testcase time="0.219" classname="com.cvut.spatnjak.wpa.moviedatabase.test.ProductionCompanyServiceTest" name="testDeleteProducer"/>
  <testcase time="0.066" classname="com.cvut.spatnjak.wpa.moviedatabase.test.ProductionCompanyServiceTest" name="testGetByID"/>
  <testcase time="0.068" classname="com.cvut.spatnjak.wpa.moviedatabase.test.ProductionCompanyServiceTest" name="testUpdate"/>
  <testcase time="0.067" classname="com.cvut.spatnjak.wpa.moviedatabase.test.WriterServiceTest" name="empty"/>
  <testcase time="0.064" classname="com.cvut.spatnjak.wpa.moviedatabase.test.WriterServiceTest" name="testUpdateActor"/>
  <testcase time="0.233" classname="com.cvut.spatnjak.wpa.moviedatabase.test.WriterServiceTest" name="testAdd"/>
  <testcase time="0.209" classname="com.cvut.spatnjak.wpa.moviedatabase.test.WriterServiceTest" name="testRemove"/>
  <testcase time="0.065" classname="com.cvut.spatnjak.wpa.moviedatabase.test.WriterServiceTest" name="getWriterByID"/>
</testsuite>